Using pre-set license

 COMMAND LINE ARGUMENTS:
/Applications/Unity/Unity.app/Contents/MacOS/Unity
-adb2
-batchMode
-noUpm
-name
AssetImportWorker0
-projectPath
/Users/turovaarti/Documents/GitHub/FoodFight/FoodFight
-logFile
Logs/AssetImportWorker0.log
-srvPort
54323
Successfully changed project path to: /Users/turovaarti/Documents/GitHub/FoodFight/FoodFight
/Users/turovaarti/Documents/GitHub/FoodFight/FoodFight
Using Asset Import Pipeline V2.
Refreshing native plugins compatible for Editor in 53.35 ms, found 2 plugins.
Preloading 0 native plugins for Editor in 0.00 ms.
Initialize engine version: 2020.3.16f1 (049d6eca3c44)
[Subsystems] Discovering subsystems at path /Applications/Unity/Unity.app/Contents/Resources/UnitySubsystems
[Subsystems] Discovering subsystems at path /Users/turovaarti/Documents/GitHub/FoodFight/FoodFight/Assets
GfxDevice: creating device client; threaded=0
2021-12-06 13:58:59.589 Unity[53491:2458800] Color LCD preferred device: Intel(R) Iris(TM) Plus Graphics 655 (low power)
2021-12-06 13:58:59.589 Unity[53491:2458800] Metal devices available: 1
2021-12-06 13:58:59.589 Unity[53491:2458800] 0: Intel(R) Iris(TM) Plus Graphics 655 (low power)
2021-12-06 13:58:59.590 Unity[53491:2458800] Using device Intel(R) Iris(TM) Plus Graphics 655 (low power)
Initializing Metal device caps: Intel(R) Iris(TM) Plus Graphics 655
Shader 'Universal Render Pipeline/Particles/Lit': fallback shader 'Universal Render Pipeline/Particles/SimpleLit' not found
Initialize mono
Mono path[0] = '/Applications/Unity/Unity.app/Contents/Managed'
Mono path[1] = '/Applications/Unity/Unity.app/Contents/MonoBleedingEdge/lib/mono/unityjit'
Mono config path = '/Applications/Unity/Unity.app/Contents/MonoBleedingEdge/etc'
Using monoOptions --debugger-agent=transport=dt_socket,embedding=1,server=y,suspend=n,address=127.0.0.1:56491
Begin MonoManager ReloadAssembly
Error scanning for extension ivy.xml files: System.UnauthorizedAccessException: Access to the path '/Applications/Unity/PlaybackEngines/WebGLSupport/BuildTools/Emscripten_Mac/node' is denied.
  at System.IO.__Error.WinIOError (System.Int32 errorCode, System.String maybeFullPath) [0x00129] in <695d1cc93cca45069c528c15c9fdd749>:0 
  at System.IO.FileSystemEnumerableIterator`1[TSource].HandleError (System.Int32 hr, System.String path) [0x00006] in <695d1cc93cca45069c528c15c9fdd749>:0 
  at System.IO.FileSystemEnumerableIterator`1[TSource].AddSearchableDirsToStack (System.IO.Directory+SearchData localSearchData) [0x00053] in <695d1cc93cca45069c528c15c9fdd749>:0 
  at System.IO.FileSystemEnumerableIterator`1[TSource].MoveNext () [0x0008e] in <695d1cc93cca45069c528c15c9fdd749>:0 
  at System.Collections.Generic.List`1[T]..ctor (System.Collections.Generic.IEnumerable`1[T] collection) [0x00077] in <695d1cc93cca45069c528c15c9fdd749>:0 
  at System.IO.Directory.InternalGetFileDirectoryNames (System.String path, System.String userPathOriginal, System.String searchPattern, System.Boolean includeFiles, System.Boolean includeDirs, System.IO.SearchOption searchOption, System.Boolean checkHost) [0x0000f] in <695d1cc93cca45069c528c15c9fdd749>:0 
  at System.IO.Directory.InternalGetFiles (System.String path, System.String searchPattern, System.IO.SearchOption searchOption) [0x00000] in <695d1cc93cca45069c528c15c9fdd749>:0 
  at System.IO.Directory.GetFiles (System.String path, System.String searchPattern, System.IO.SearchOption searchOption) [0x00038] in <695d1cc93cca45069c528c15c9fdd749>:0 
  at UnityEditor.Modules.ModuleManager.LoadLegacyExtensionsFromIvyFiles () [0x000a5] in /Users/bokken/buildslave/unity/build/Editor/Mono/Modules/ModuleManager.cs:253 
Registering precompiled unity dll's ...
Register platform support module: /Applications/Unity/PlaybackEngines/WebGLSupport/UnityEditor.WebGL.Extensions.dll
Register platform support module: /Applications/Unity/Unity.app/Contents/PlaybackEngines/MacStandaloneSupport/UnityEditor.OSXStandalone.Extensions.dll
Register platform support module: /Applications/Unity/PlaybackEngines/WindowsStandaloneSupport/UnityEditor.WindowsStandalone.Extensions.dll
Registered in 0.003468 seconds.
Native extension for WindowsStandalone target not found
Native extension for OSXStandalone target not found
Native extension for WebGL target not found
Refreshing native plugins compatible for Editor in 48.63 ms, found 2 plugins.
Preloading 0 native plugins for Editor in 0.00 ms.
Mono: successfully reloaded assembly
- Completed reload, in  2.360 seconds
Domain Reload Profiling:
	ReloadAssembly (2361ms)
		BeginReloadAssembly (48ms)
			ExecutionOrderSort (0ms)
			DisableScriptedObjects (0ms)
			BackupInstance (0ms)
			ReleaseScriptingObjects (0ms)
			CreateAndSetChildDomain (1ms)
		EndReloadAssembly (572ms)
			LoadAssemblies (50ms)
			RebuildTransferFunctionScriptingTraits (0ms)
			SetupTypeCache (212ms)
			ReleaseScriptCaches (0ms)
			RebuildScriptCaches (44ms)
			SetupLoadedEditorAssemblies (231ms)
				LogAssemblyErrors (0ms)
				InitializePlatformSupportModulesInManaged (8ms)
				SetLoadedEditorAssemblies (0ms)
				RefreshPlugins (49ms)
				BeforeProcessingInitializeOnLoad (31ms)
				ProcessInitializeOnLoadAttributes (109ms)
				ProcessInitializeOnLoadMethodAttributes (33ms)
				AfterProcessingInitializeOnLoad (0ms)
				EditorAssembliesLoaded (0ms)
			ExecutionOrderSort2 (0ms)
			AwakeInstancesAfterBackupRestoration (0ms)
Platform modules already initialized, skipping
Registering precompiled user dll's ...
Registered in 0.009735 seconds.
Begin MonoManager ReloadAssembly
Native extension for WindowsStandalone target not found
Native extension for OSXStandalone target not found
Native extension for WebGL target not found
Refreshing native plugins compatible for Editor in 47.92 ms, found 2 plugins.
Preloading 0 native plugins for Editor in 0.00 ms.
Mono: successfully reloaded assembly
- Completed reload, in  1.508 seconds
Domain Reload Profiling:
	ReloadAssembly (1510ms)
		BeginReloadAssembly (174ms)
			ExecutionOrderSort (0ms)
			DisableScriptedObjects (5ms)
			BackupInstance (0ms)
			ReleaseScriptingObjects (0ms)
			CreateAndSetChildDomain (36ms)
		EndReloadAssembly (1266ms)
			LoadAssemblies (122ms)
			RebuildTransferFunctionScriptingTraits (0ms)
			SetupTypeCache (429ms)
			ReleaseScriptCaches (1ms)
			RebuildScriptCaches (72ms)
			SetupLoadedEditorAssemblies (482ms)
				LogAssemblyErrors (0ms)
				InitializePlatformSupportModulesInManaged (5ms)
				SetLoadedEditorAssemblies (0ms)
				RefreshPlugins (48ms)
				BeforeProcessingInitializeOnLoad (85ms)
				ProcessInitializeOnLoadAttributes (337ms)
				ProcessInitializeOnLoadMethodAttributes (5ms)
				AfterProcessingInitializeOnLoad (1ms)
				EditorAssembliesLoaded (0ms)
			ExecutionOrderSort2 (0ms)
			AwakeInstancesAfterBackupRestoration (8ms)
Platform modules already initialized, skipping
========================================================================
Worker process is ready to serve import requests
Shader 'Universal Render Pipeline/Particles/Lit': fallback shader 'Universal Render Pipeline/Particles/SimpleLit' not found
Launching external process: /Applications/Unity/Unity.app/Contents/Tools/UnityShaderCompiler
Launched and connected shader compiler UnityShaderCompiler after 0.01 seconds
Refreshing native plugins compatible for Editor in 0.56 ms, found 2 plugins.
Preloading 0 native plugins for Editor in 0.00 ms.
Unloading 2723 Unused Serialized files (Serialized files now loaded: 0)
System memory in use before: 210.1 MB.
System memory in use after: 210.3 MB.

Unloading 19 unused Assets to reduce memory usage. Loaded Objects now: 3155.
Total: 3.657951 ms (FindLiveObjects: 0.314169 ms CreateObjectMapping: 0.109073 ms MarkObjects: 3.163038 ms  DeleteObjects: 0.070693 ms)

AssetImportParameters requested are different than current active one (requested -> active):
  custom:video-decoder-ogg-theora: a1e56fd34408186e4bbccfd4996cb3dc -> 
  custom:container-muxer-webm: aa71ff27fc2769a1b78a27578f13a17b -> 
  custom:container-demuxer-webm: 4f35f7cbe854078d1ac9338744f61a02 -> 
  custom:container-demuxer-ogg: 62fdf1f143b41e24485cea50d1cbac27 -> 
  custom:video-encoder-webm-vp8: eb34c28f22e8b96e1ab97ce403110664 -> 
  custom:framework-osx-AVFoundation: e770b220cccbd017edd2c1fefb359320 -> 
  custom:video-decoder-webm-vp8: 9c59270c3fd7afecdb556c50c9e8de78 -> 
  custom:audio-decoder-ogg-vorbis: bf7c407c2cedff20999df2af8eb42d56 -> 
  custom:audio-encoder-webm-vorbis: bf7c407c2cedff20999df2af8eb42d56 -> 
========================================================================
Received Import Request.
  path: Assets/Prefabs/EnemyOne.prefab
  artifactKey: Guid(a0e1abd7117ac4bffbec1ffa442ebf2e) Importer(815301076,1909f56bfc062723c751e8b465ee728b)
Start importing Assets/Prefabs/EnemyOne.prefab using Guid(a0e1abd7117ac4bffbec1ffa442ebf2e) Importer(815301076,1909f56bfc062723c751e8b465ee728b)  -> (artifact id: '63654a6d6bd19c61e79e6eefa26498ce') in 1.575778 seconds 
  Import took 1.582011 seconds .

========================================================================
Received Import Request.
  Time since last request: 0.000833 seconds.
  path: Assets/Prefabs/SmallPlatform.prefab
  artifactKey: Guid(5ec5b6d099d7b4630b32e4a9fd330fbc) Importer(815301076,1909f56bfc062723c751e8b465ee728b)
Start importing Assets/Prefabs/SmallPlatform.prefab using Guid(5ec5b6d099d7b4630b32e4a9fd330fbc) Importer(815301076,1909f56bfc062723c751e8b465ee728b)  -> (artifact id: 'c4a2ca22194e2e300f7896d9937bf633') in 0.011394 seconds 
  Import took 0.015556 seconds .

========================================================================
Received Import Request.
  Time since last request: 0.000240 seconds.
  path: Assets/Prefabs/Bullet.prefab
  artifactKey: Guid(5c7f0dc95f25141289f6ccbcb3fcc79d) Importer(815301076,1909f56bfc062723c751e8b465ee728b)
Start importing Assets/Prefabs/Bullet.prefab using Guid(5c7f0dc95f25141289f6ccbcb3fcc79d) Importer(815301076,1909f56bfc062723c751e8b465ee728b)  -> (artifact id: '8b7b86d6e79aecbb9ea59f5c731ec005') in 0.008842 seconds 
  Import took 0.013203 seconds .

========================================================================
Received Import Request.
  Time since last request: 0.000195 seconds.
  path: Assets/Prefabs/Platform.prefab
  artifactKey: Guid(6b1657f67c6824b42a87d12cd433a94f) Importer(815301076,1909f56bfc062723c751e8b465ee728b)
Start importing Assets/Prefabs/Platform.prefab using Guid(6b1657f67c6824b42a87d12cd433a94f) Importer(815301076,1909f56bfc062723c751e8b465ee728b)  -> (artifact id: '4b4bee97aa1527c7a16a40895a82c491') in 0.009089 seconds 
  Import took 0.013734 seconds .

========================================================================
Received Import Request.
  Time since last request: 0.000186 seconds.
  path: Assets/Prefabs/TurretAI.prefab
  artifactKey: Guid(1d9791143570349f7b84fdd14e63c5ed) Importer(815301076,1909f56bfc062723c751e8b465ee728b)
Start importing Assets/Prefabs/TurretAI.prefab using Guid(1d9791143570349f7b84fdd14e63c5ed) Importer(815301076,1909f56bfc062723c751e8b465ee728b)  -> (artifact id: '27e51496ff41df0ec676c3420b3e30a9') in 0.011331 seconds 
  Import took 0.015747 seconds .

========================================================================
Received Import Request.
  Time since last request: 0.584075 seconds.
  path: ProjectSettings/TagManager.asset
  artifactKey: Guid(00000000000000003000000000000000) Importer(815301076,1909f56bfc062723c751e8b465ee728b)
Start importing ProjectSettings/TagManager.asset using Guid(00000000000000003000000000000000) Importer(815301076,1909f56bfc062723c751e8b465ee728b)  -> (artifact id: '2e838870d1c652a49c088ea876a22015') in 0.379517 seconds 
  Import took 0.385272 seconds .

========================================================================
Received Prepare
Shader 'Universal Render Pipeline/Particles/Lit': fallback shader 'Universal Render Pipeline/Particles/SimpleLit' not found
Refreshing native plugins compatible for Editor in 1.86 ms, found 2 plugins.
Preloading 0 native plugins for Editor in 0.00 ms.
Unloading 12 Unused Serialized files (Serialized files now loaded: 0)
System memory in use before: 167.8 MB.
System memory in use after: 168.0 MB.

Unloading 13 unused Assets to reduce memory usage. Loaded Objects now: 3230.
Total: 4.289764 ms (FindLiveObjects: 0.261903 ms CreateObjectMapping: 0.113360 ms MarkObjects: 3.897202 ms  DeleteObjects: 0.016471 ms)

AssetImportParameters requested are different than current active one (requested -> active):
  custom:video-decoder-ogg-theora: a1e56fd34408186e4bbccfd4996cb3dc -> 
  custom:container-muxer-webm: aa71ff27fc2769a1b78a27578f13a17b -> 
  custom:container-demuxer-webm: 4f35f7cbe854078d1ac9338744f61a02 -> 
  custom:container-demuxer-ogg: 62fdf1f143b41e24485cea50d1cbac27 -> 
  custom:video-encoder-webm-vp8: eb34c28f22e8b96e1ab97ce403110664 -> 
  custom:framework-osx-AVFoundation: e770b220cccbd017edd2c1fefb359320 -> 
  custom:video-decoder-webm-vp8: 9c59270c3fd7afecdb556c50c9e8de78 -> 
  custom:audio-decoder-ogg-vorbis: bf7c407c2cedff20999df2af8eb42d56 -> 
  custom:audio-encoder-webm-vorbis: bf7c407c2cedff20999df2af8eb42d56 -> 
========================================================================
Received Import Request.
  Time since last request: 16.768861 seconds.
  path: Assets/Prefabs/Bullet.prefab
  artifactKey: Guid(5c7f0dc95f25141289f6ccbcb3fcc79d) Importer(815301076,1909f56bfc062723c751e8b465ee728b)
Start importing Assets/Prefabs/Bullet.prefab using Guid(5c7f0dc95f25141289f6ccbcb3fcc79d) Importer(815301076,1909f56bfc062723c751e8b465ee728b)  -> (artifact id: '2f4aae88f0617f5a62bf1f3c6f0d7831') in 0.013881 seconds 
  Import took 0.018149 seconds .

========================================================================
Received Import Request.
  Time since last request: 15.367752 seconds.
  path: ProjectSettings/TagManager.asset
  artifactKey: Guid(00000000000000003000000000000000) Importer(815301076,1909f56bfc062723c751e8b465ee728b)
Start importing ProjectSettings/TagManager.asset using Guid(00000000000000003000000000000000) Importer(815301076,1909f56bfc062723c751e8b465ee728b)  -> (artifact id: 'cd9b3b7fd16048c3e4aa5434072c2844') in 0.007865 seconds 
  Import took 0.020434 seconds .

========================================================================
Received Import Request.
  Time since last request: 0.002396 seconds.
  path: ProjectSettings/TagManager.asset
  artifactKey: Guid(00000000000000003000000000000000) Importer(815301076,1909f56bfc062723c751e8b465ee728b)
Start importing ProjectSettings/TagManager.asset using Guid(00000000000000003000000000000000) Importer(815301076,1909f56bfc062723c751e8b465ee728b)  -> (artifact id: 'cd9b3b7fd16048c3e4aa5434072c2844') in 0.010522 seconds 
  Import took 0.022402 seconds .

========================================================================
Received Prepare
Registering precompiled user dll's ...
Registered in 0.008947 seconds.
Begin MonoManager ReloadAssembly
Native extension for WindowsStandalone target not found
Native extension for OSXStandalone target not found
Native extension for WebGL target not found
Refreshing native plugins compatible for Editor in 0.55 ms, found 2 plugins.
Preloading 0 native plugins for Editor in 0.00 ms.
Mono: successfully reloaded assembly
- Completed reload, in  1.445 seconds
Domain Reload Profiling:
	ReloadAssembly (1445ms)
		BeginReloadAssembly (181ms)
			ExecutionOrderSort (0ms)
			DisableScriptedObjects (8ms)
			BackupInstance (0ms)
			ReleaseScriptingObjects (0ms)
			CreateAndSetChildDomain (93ms)
		EndReloadAssembly (1193ms)
			LoadAssemblies (109ms)
			RebuildTransferFunctionScriptingTraits (0ms)
			SetupTypeCache (419ms)
			ReleaseScriptCaches (1ms)
			RebuildScriptCaches (62ms)
			SetupLoadedEditorAssemblies (401ms)
				LogAssemblyErrors (0ms)
				InitializePlatformSupportModulesInManaged (6ms)
				SetLoadedEditorAssemblies (0ms)
				RefreshPlugins (1ms)
				BeforeProcessingInitializeOnLoad (83ms)
				ProcessInitializeOnLoadAttributes (305ms)
				ProcessInitializeOnLoadMethodAttributes (4ms)
				AfterProcessingInitializeOnLoad (1ms)
				EditorAssembliesLoaded (0ms)
			ExecutionOrderSort2 (0ms)
			AwakeInstancesAfterBackupRestoration (19ms)
Platform modules already initialized, skipping
Shader 'Universal Render Pipeline/Particles/Lit': fallback shader 'Universal Render Pipeline/Particles/SimpleLit' not found
Refreshing native plugins compatible for Editor in 0.51 ms, found 2 plugins.
Preloading 0 native plugins for Editor in 0.00 ms.
Unloading 2601 Unused Serialized files (Serialized files now loaded: 0)
System memory in use before: 216.9 MB.
System memory in use after: 217.1 MB.

Unloading 16 unused Assets to reduce memory usage. Loaded Objects now: 3205.
Total: 4.864111 ms (FindLiveObjects: 0.419705 ms CreateObjectMapping: 0.268351 ms MarkObjects: 4.140592 ms  DeleteObjects: 0.034611 ms)

AssetImportParameters requested are different than current active one (requested -> active):
  custom:video-decoder-ogg-theora: a1e56fd34408186e4bbccfd4996cb3dc -> 
  custom:container-muxer-webm: aa71ff27fc2769a1b78a27578f13a17b -> 
  custom:container-demuxer-webm: 4f35f7cbe854078d1ac9338744f61a02 -> 
  custom:container-demuxer-ogg: 62fdf1f143b41e24485cea50d1cbac27 -> 
  custom:video-encoder-webm-vp8: eb34c28f22e8b96e1ab97ce403110664 -> 
  custom:framework-osx-AVFoundation: e770b220cccbd017edd2c1fefb359320 -> 
  custom:video-decoder-webm-vp8: 9c59270c3fd7afecdb556c50c9e8de78 -> 
  custom:audio-decoder-ogg-vorbis: bf7c407c2cedff20999df2af8eb42d56 -> 
  custom:audio-encoder-webm-vorbis: bf7c407c2cedff20999df2af8eb42d56 -> 
========================================================================
Received Prepare
Registering precompiled user dll's ...
Registered in 0.019493 seconds.
Begin MonoManager ReloadAssembly
Native extension for WindowsStandalone target not found
Native extension for OSXStandalone target not found
Native extension for WebGL target not found
Refreshing native plugins compatible for Editor in 0.59 ms, found 2 plugins.
Preloading 0 native plugins for Editor in 0.00 ms.
Mono: successfully reloaded assembly
- Completed reload, in  1.565 seconds
Domain Reload Profiling:
	ReloadAssembly (1568ms)
		BeginReloadAssembly (232ms)
			ExecutionOrderSort (0ms)
			DisableScriptedObjects (12ms)
			BackupInstance (0ms)
			ReleaseScriptingObjects (0ms)
			CreateAndSetChildDomain (133ms)
		EndReloadAssembly (1257ms)
			LoadAssemblies (129ms)
			RebuildTransferFunctionScriptingTraits (0ms)
			SetupTypeCache (447ms)
			ReleaseScriptCaches (1ms)
			RebuildScriptCaches (61ms)
			SetupLoadedEditorAssemblies (420ms)
				LogAssemblyErrors (0ms)
				InitializePlatformSupportModulesInManaged (9ms)
				SetLoadedEditorAssemblies (1ms)
				RefreshPlugins (1ms)
				BeforeProcessingInitializeOnLoad (96ms)
				ProcessInitializeOnLoadAttributes (309ms)
				ProcessInitializeOnLoadMethodAttributes (4ms)
				AfterProcessingInitializeOnLoad (1ms)
				EditorAssembliesLoaded (0ms)
			ExecutionOrderSort2 (0ms)
			AwakeInstancesAfterBackupRestoration (17ms)
Platform modules already initialized, skipping
Shader 'Universal Render Pipeline/Particles/Lit': fallback shader 'Universal Render Pipeline/Particles/SimpleLit' not found
Refreshing native plugins compatible for Editor in 0.58 ms, found 2 plugins.
Preloading 0 native plugins for Editor in 0.00 ms.
Unloading 2601 Unused Serialized files (Serialized files now loaded: 0)
System memory in use before: 217.2 MB.
System memory in use after: 217.4 MB.

Unloading 14 unused Assets to reduce memory usage. Loaded Objects now: 3207.
Total: 3.498041 ms (FindLiveObjects: 0.382916 ms CreateObjectMapping: 0.127516 ms MarkObjects: 2.949290 ms  DeleteObjects: 0.037245 ms)

AssetImportParameters requested are different than current active one (requested -> active):
  custom:video-decoder-ogg-theora: a1e56fd34408186e4bbccfd4996cb3dc -> 
  custom:container-muxer-webm: aa71ff27fc2769a1b78a27578f13a17b -> 
  custom:container-demuxer-webm: 4f35f7cbe854078d1ac9338744f61a02 -> 
  custom:container-demuxer-ogg: 62fdf1f143b41e24485cea50d1cbac27 -> 
  custom:video-encoder-webm-vp8: eb34c28f22e8b96e1ab97ce403110664 -> 
  custom:framework-osx-AVFoundation: e770b220cccbd017edd2c1fefb359320 -> 
  custom:video-decoder-webm-vp8: 9c59270c3fd7afecdb556c50c9e8de78 -> 
  custom:audio-decoder-ogg-vorbis: bf7c407c2cedff20999df2af8eb42d56 -> 
  custom:audio-encoder-webm-vorbis: bf7c407c2cedff20999df2af8eb42d56 -> 
========================================================================
Received Import Request.
  Time since last request: 2552.986069 seconds.
  path: Assets/SFTrooper/prefab/SFTrooperUnity.prefab
  artifactKey: Guid(8693628fb95a05743ac5f759d1772198) Importer(815301076,1909f56bfc062723c751e8b465ee728b)
Start importing Assets/SFTrooper/prefab/SFTrooperUnity.prefab using Guid(8693628fb95a05743ac5f759d1772198) Importer(815301076,1909f56bfc062723c751e8b465ee728b)  -> (artifact id: '4e71662a5c3bb90b3ebb65a7fe157c63') in 1.718767 seconds 
  Import took 1.786100 seconds .

========================================================================
Received Import Request.
  Time since last request: 340.145318 seconds.
  path: Assets/SFTrooper/New Animator Controller.controller
  artifactKey: Guid(b7b55885bce29f14691c19cb7227e52c) Importer(815301076,1909f56bfc062723c751e8b465ee728b)
Start importing Assets/SFTrooper/New Animator Controller.controller using Guid(b7b55885bce29f14691c19cb7227e52c) Importer(815301076,1909f56bfc062723c751e8b465ee728b)  -> (artifact id: '898dafd709e195ebc1be441384e87bd3') in 0.725614 seconds 
  Import took 0.737852 seconds .

========================================================================
Received Import Request.
  Time since last request: 24.757298 seconds.
  path: Assets/SFTrooper/Materials/Body1.mat
  artifactKey: Guid(d15fe174c8d14e04a9d9e56711382a69) Importer(815301076,1909f56bfc062723c751e8b465ee728b)
Start importing Assets/SFTrooper/Materials/Body1.mat using Guid(d15fe174c8d14e04a9d9e56711382a69) Importer(815301076,1909f56bfc062723c751e8b465ee728b)  -> (artifact id: 'ad0d6b5d17680e676041e41150316341') in 0.465349 seconds 
  Import took 0.478725 seconds .

========================================================================
Received Import Request.
  Time since last request: 0.000314 seconds.
  path: Assets/SFTrooper/Materials/SCIFI_Rifle_Diffuse 1.mat
  artifactKey: Guid(185483ff302314b4282706d9b5231ce9) Importer(815301076,1909f56bfc062723c751e8b465ee728b)
Start importing Assets/SFTrooper/Materials/SCIFI_Rifle_Diffuse 1.mat using Guid(185483ff302314b4282706d9b5231ce9) Importer(815301076,1909f56bfc062723c751e8b465ee728b)  -> (artifact id: 'adc3eea7898d65cc70a599b95f6dcae0') in 0.221327 seconds 
  Import took 0.239694 seconds .

========================================================================
Received Import Request.
  Time since last request: 0.000232 seconds.
  path: Assets/SFTrooper/Materials/Body2.mat
  artifactKey: Guid(daeafcb0333d13444b6f0bdd6bed3a13) Importer(815301076,1909f56bfc062723c751e8b465ee728b)
Start importing Assets/SFTrooper/Materials/Body2.mat using Guid(daeafcb0333d13444b6f0bdd6bed3a13) Importer(815301076,1909f56bfc062723c751e8b465ee728b)  -> (artifact id: '3c95711e057e5d87c22949731a2876b4') in 0.076233 seconds 
  Import took 0.089064 seconds .

========================================================================
Received Import Request.
  Time since last request: 0.000269 seconds.
  path: Assets/SFTrooper/Materials/Head2.mat
  artifactKey: Guid(6f920df5e581b024d9e288de6425f684) Importer(815301076,1909f56bfc062723c751e8b465ee728b)
Start importing Assets/SFTrooper/Materials/Head2.mat using Guid(6f920df5e581b024d9e288de6425f684) Importer(815301076,1909f56bfc062723c751e8b465ee728b)  -> (artifact id: 'c35b7c9aabad045514a24796dcb29361') in 0.052502 seconds 
  Import took 0.059007 seconds .

========================================================================
Received Import Request.
  Time since last request: 0.000265 seconds.
  path: Assets/SFTrooper/Materials/Head1.mat
  artifactKey: Guid(171abb23a06c565489c4c257b99702ef) Importer(815301076,1909f56bfc062723c751e8b465ee728b)
Start importing Assets/SFTrooper/Materials/Head1.mat using Guid(171abb23a06c565489c4c257b99702ef) Importer(815301076,1909f56bfc062723c751e8b465ee728b)  -> (artifact id: 'f60db6412734ebfb9f0a46867b60efb6') in 0.046399 seconds 
  Import took 0.052476 seconds .

========================================================================
Received Import Request.
  Time since last request: 17.502853 seconds.
  path: Assets/SFTrooper/Textures/SFTrooper_Body1_AlbedoTransparency.png
  artifactKey: Guid(e45d8cdf7a9b6b94a8a9697ae2c4a858) Importer(815301076,1909f56bfc062723c751e8b465ee728b)
Start importing Assets/SFTrooper/Textures/SFTrooper_Body1_AlbedoTransparency.png using Guid(e45d8cdf7a9b6b94a8a9697ae2c4a858) Importer(815301076,1909f56bfc062723c751e8b465ee728b)  -> (artifact id: 'e75530c84875119e915fe0eaafd3dedf') in 2.029116 seconds 
  Import took 2.040220 seconds .

========================================================================
Received Import Request.
  Time since last request: 0.000329 seconds.
  path: Assets/SFTrooper/Textures/SFTrooper_Body1_Normal.png
  artifactKey: Guid(fb2d1c1d13e79be418d98646c03384d1) Importer(815301076,1909f56bfc062723c751e8b465ee728b)
Start importing Assets/SFTrooper/Textures/SFTrooper_Body1_Normal.png using Guid(fb2d1c1d13e79be418d98646c03384d1) Importer(815301076,1909f56bfc062723c751e8b465ee728b)  -> (artifact id: '07129ece87352610c85dcb738cf688fe') in 0.126889 seconds 
  Import took 0.137296 seconds .

========================================================================
Received Import Request.
  Time since last request: 0.000237 seconds.
  path: Assets/SFTrooper/Textures/SFTrooper_Body1_AO.png
  artifactKey: Guid(dab66f63f9c425544be8f3886e4d21d4) Importer(815301076,1909f56bfc062723c751e8b465ee728b)
Start importing Assets/SFTrooper/Textures/SFTrooper_Body1_AO.png using Guid(dab66f63f9c425544be8f3886e4d21d4) Importer(815301076,1909f56bfc062723c751e8b465ee728b)  -> (artifact id: 'f9395656981afe1f8d13bc739e033a2e') in 0.023974 seconds 
  Import took 0.030197 seconds .

========================================================================
Received Import Request.
  Time since last request: 0.000307 seconds.
  path: Assets/SFTrooper/Textures/SFTrooper_Body1_Normal.png
  artifactKey: Guid(fb2d1c1d13e79be418d98646c03384d1) Importer(815301076,1909f56bfc062723c751e8b465ee728b)
Start importing Assets/SFTrooper/Textures/SFTrooper_Body1_Normal.png using Guid(fb2d1c1d13e79be418d98646c03384d1) Importer(815301076,1909f56bfc062723c751e8b465ee728b)  -> (artifact id: '07129ece87352610c85dcb738cf688fe') in 0.041753 seconds 
  Import took 0.052825 seconds .

========================================================================
Received Import Request.
  Time since last request: 0.000339 seconds.
  path: Assets/SFTrooper/Textures/SFTrooper_Body1_AlbedoTransparency.png
  artifactKey: Guid(e45d8cdf7a9b6b94a8a9697ae2c4a858) Importer(815301076,1909f56bfc062723c751e8b465ee728b)
Start importing Assets/SFTrooper/Textures/SFTrooper_Body1_AlbedoTransparency.png using Guid(e45d8cdf7a9b6b94a8a9697ae2c4a858) Importer(815301076,1909f56bfc062723c751e8b465ee728b)  -> (artifact id: 'e75530c84875119e915fe0eaafd3dedf') in 0.046709 seconds 
  Import took 0.056905 seconds .

========================================================================
Received Import Request.
  Time since last request: 0.000287 seconds.
  path: Assets/SFTrooper/Textures/SFTrooper_Body1_MetallicSmoothness.png
  artifactKey: Guid(06bcabe2c920d4a419de466faf0cf9c7) Importer(815301076,1909f56bfc062723c751e8b465ee728b)
Start importing Assets/SFTrooper/Textures/SFTrooper_Body1_MetallicSmoothness.png using Guid(06bcabe2c920d4a419de466faf0cf9c7) Importer(815301076,1909f56bfc062723c751e8b465ee728b)  -> (artifact id: '149e0afbc62cca3e1d9eb00e8dbd59bd') in 0.027150 seconds 
  Import took 0.036625 seconds .

========================================================================
Received Import Request.
  Time since last request: 0.000203 seconds.
  path: Assets/SFTrooper/Textures/SFTrooper_Body1_MetallicSmoothness.tga
  artifactKey: Guid(9e6b75777790483459856c1ef4bf6512) Importer(815301076,1909f56bfc062723c751e8b465ee728b)
Start importing Assets/SFTrooper/Textures/SFTrooper_Body1_MetallicSmoothness.tga using Guid(9e6b75777790483459856c1ef4bf6512) Importer(815301076,1909f56bfc062723c751e8b465ee728b)  -> (artifact id: '24a2f8b073cc07fd33377915ae45f230') in 2.122256 seconds 
  Import took 2.127713 seconds .

========================================================================
Received Import Request.
  Time since last request: 0.007280 seconds.
  path: Assets/SFTrooper/Textures/SFTrooper_Body1_MetallicSmoothness.tga
  artifactKey: Guid(9e6b75777790483459856c1ef4bf6512) Importer(815301076,1909f56bfc062723c751e8b465ee728b)
Start importing Assets/SFTrooper/Textures/SFTrooper_Body1_MetallicSmoothness.tga using Guid(9e6b75777790483459856c1ef4bf6512) Importer(815301076,1909f56bfc062723c751e8b465ee728b)  -> (artifact id: '24a2f8b073cc07fd33377915ae45f230') in 0.031390 seconds 
  Import took 0.036396 seconds .

========================================================================
Received Import Request.
  Time since last request: 27.321170 seconds.
  path: Assets/SFTrooper/Textures/SFTrooper_Head1_AlbedoTransparency.png
  artifactKey: Guid(f9fe816002e327749bfbfec1a35989cb) Importer(815301076,1909f56bfc062723c751e8b465ee728b)
Start importing Assets/SFTrooper/Textures/SFTrooper_Head1_AlbedoTransparency.png using Guid(f9fe816002e327749bfbfec1a35989cb) Importer(815301076,1909f56bfc062723c751e8b465ee728b)  -> (artifact id: '638fbdd645665374c55d63506caf4325') in 0.035278 seconds 
  Import took 0.051130 seconds .

========================================================================
Received Import Request.
  Time since last request: 0.000534 seconds.
  path: Assets/SFTrooper/Textures/SFTrooper_Head1_Normal.png
  artifactKey: Guid(455d59a839df88c42bac94dcf0dfb21c) Importer(815301076,1909f56bfc062723c751e8b465ee728b)
Start importing Assets/SFTrooper/Textures/SFTrooper_Head1_Normal.png using Guid(455d59a839df88c42bac94dcf0dfb21c) Importer(815301076,1909f56bfc062723c751e8b465ee728b)  -> (artifact id: '09395fb28db74f41dbd14b7e2e6e6faa') in 0.031963 seconds 
  Import took 0.040286 seconds .

========================================================================
Received Import Request.
  Time since last request: 0.000377 seconds.
  path: Assets/SFTrooper/Textures/SFTrooper_Head1_MetallicSmoothness.png
  artifactKey: Guid(54d82c3189459934788d78397444c91d) Importer(815301076,1909f56bfc062723c751e8b465ee728b)
Start importing Assets/SFTrooper/Textures/SFTrooper_Head1_MetallicSmoothness.png using Guid(54d82c3189459934788d78397444c91d) Importer(815301076,1909f56bfc062723c751e8b465ee728b)  -> (artifact id: '70c61c3c5f52edd64ea2bc7facf6f5b5') in 0.017543 seconds 
  Import took 0.024330 seconds .

========================================================================
Received Import Request.
  Time since last request: 0.000286 seconds.
  path: Assets/SFTrooper/Textures/SFTrooper_Head1_AlbedoTransparency.png
  artifactKey: Guid(f9fe816002e327749bfbfec1a35989cb) Importer(815301076,1909f56bfc062723c751e8b465ee728b)
Start importing Assets/SFTrooper/Textures/SFTrooper_Head1_AlbedoTransparency.png using Guid(f9fe816002e327749bfbfec1a35989cb) Importer(815301076,1909f56bfc062723c751e8b465ee728b)  -> (artifact id: '638fbdd645665374c55d63506caf4325') in 0.014075 seconds 
  Import took 0.019298 seconds .

========================================================================
Received Import Request.
  Time since last request: 0.000234 seconds.
  path: Assets/SFTrooper/Textures/SFTrooper_Head1_Normal.png
  artifactKey: Guid(455d59a839df88c42bac94dcf0dfb21c) Importer(815301076,1909f56bfc062723c751e8b465ee728b)
Start importing Assets/SFTrooper/Textures/SFTrooper_Head1_Normal.png using Guid(455d59a839df88c42bac94dcf0dfb21c) Importer(815301076,1909f56bfc062723c751e8b465ee728b)  -> (artifact id: '09395fb28db74f41dbd14b7e2e6e6faa') in 0.015102 seconds 
  Import took 0.019843 seconds .

========================================================================
Received Import Request.
  Time since last request: 0.000255 seconds.
  path: Assets/SFTrooper/Textures/SCIFI_Head_Glow.tga
  artifactKey: Guid(9a3a16525aa8cb641801e1b80b2d3481) Importer(815301076,1909f56bfc062723c751e8b465ee728b)
Start importing Assets/SFTrooper/Textures/SCIFI_Head_Glow.tga using Guid(9a3a16525aa8cb641801e1b80b2d3481) Importer(815301076,1909f56bfc062723c751e8b465ee728b)  -> (artifact id: '0cd4b541a7611b2d8aabaea84daa4313') in 0.009889 seconds 
  Import took 0.015044 seconds .

========================================================================
Received Import Request.
  Time since last request: 0.000293 seconds.
  path: Assets/SFTrooper/Textures/SCIFI_Head_Spece.tga
  artifactKey: Guid(7f2fe14d644671d4ebdee0d752374fb1) Importer(815301076,1909f56bfc062723c751e8b465ee728b)
Start importing Assets/SFTrooper/Textures/SCIFI_Head_Spece.tga using Guid(7f2fe14d644671d4ebdee0d752374fb1) Importer(815301076,1909f56bfc062723c751e8b465ee728b)  -> (artifact id: '4aef0ee86da32693b717fd92f2faa27e') in 0.009095 seconds 
  Import took 0.013434 seconds .

========================================================================
Received Import Request.
  Time since last request: 16.708383 seconds.
  path: Assets/SFTrooper/Textures/SFTrooper_Rifle1_AlbedoTransparency.png
  artifactKey: Guid(e1d1c0fc86427c343a94e4d7b49a7ce8) Importer(815301076,1909f56bfc062723c751e8b465ee728b)
Start importing Assets/SFTrooper/Textures/SFTrooper_Rifle1_AlbedoTransparency.png using Guid(e1d1c0fc86427c343a94e4d7b49a7ce8) Importer(815301076,1909f56bfc062723c751e8b465ee728b)  -> (artifact id: '19afc7a75be65096da9e26e47c70c111') in 0.089409 seconds 
  Import took 0.102638 seconds .

========================================================================
Received Import Request.
  Time since last request: 0.000292 seconds.
  path: Assets/SFTrooper/Textures/SCIFI_Rifle_Glow.tga
  artifactKey: Guid(224860745f70cbf419bd1849f68131ed) Importer(815301076,1909f56bfc062723c751e8b465ee728b)
Start importing Assets/SFTrooper/Textures/SCIFI_Rifle_Glow.tga using Guid(224860745f70cbf419bd1849f68131ed) Importer(815301076,1909f56bfc062723c751e8b465ee728b)  -> (artifact id: '69ae5bb2e3a1b1a129d33099b70e7c73') in 0.014235 seconds 
  Import took 0.020477 seconds .

========================================================================
Received Import Request.
  Time since last request: 0.000287 seconds.
  path: Assets/SFTrooper/Textures/SFTrooper_Rifle1_MetallicSmoothness.png
  artifactKey: Guid(47c309ab254aa4747a21ffb4fdb9a10d) Importer(815301076,1909f56bfc062723c751e8b465ee728b)
Start importing Assets/SFTrooper/Textures/SFTrooper_Rifle1_MetallicSmoothness.png using Guid(47c309ab254aa4747a21ffb4fdb9a10d) Importer(815301076,1909f56bfc062723c751e8b465ee728b)  -> (artifact id: '9be6c9c604f665b30cbfcdb0397c622c') in 0.052913 seconds 
  Import took 0.062048 seconds .

========================================================================
Received Import Request.
  Time since last request: 0.000259 seconds.
  path: Assets/SFTrooper/Textures/SFTrooper_Rifle1_AO.png
  artifactKey: Guid(9ae4fd3dd05e7864eb0aa732993a2546) Importer(815301076,1909f56bfc062723c751e8b465ee728b)
Start importing Assets/SFTrooper/Textures/SFTrooper_Rifle1_AO.png using Guid(9ae4fd3dd05e7864eb0aa732993a2546) Importer(815301076,1909f56bfc062723c751e8b465ee728b)  -> (artifact id: 'e285a366dc55c22216a73cb2df0a394f') in 0.043806 seconds 
  Import took 0.049833 seconds .

========================================================================
Received Import Request.
  Time since last request: 0.000390 seconds.
  path: Assets/SFTrooper/Textures/SFTrooper_Rifle1_AlbedoTransparency.png
  artifactKey: Guid(e1d1c0fc86427c343a94e4d7b49a7ce8) Importer(815301076,1909f56bfc062723c751e8b465ee728b)
Start importing Assets/SFTrooper/Textures/SFTrooper_Rifle1_AlbedoTransparency.png using Guid(e1d1c0fc86427c343a94e4d7b49a7ce8) Importer(815301076,1909f56bfc062723c751e8b465ee728b)  -> (artifact id: '19afc7a75be65096da9e26e47c70c111') in 0.057687 seconds 
  Import took 0.067765 seconds .

========================================================================
Received Import Request.
  Time since last request: 0.000316 seconds.
  path: Assets/SFTrooper/Textures/SFTrooper_Rifle1_Normal.png
  artifactKey: Guid(5e6470369441b55439020993e56957a9) Importer(815301076,1909f56bfc062723c751e8b465ee728b)
Start importing Assets/SFTrooper/Textures/SFTrooper_Rifle1_Normal.png using Guid(5e6470369441b55439020993e56957a9) Importer(815301076,1909f56bfc062723c751e8b465ee728b)  -> (artifact id: '7ef78b4c4d39c7ac1ed61abfd3e3f145') in 0.061456 seconds 
  Import took 0.073699 seconds .

